# JRE version: Java(TM) SE Runtime Environment (21.0.2+13) (build 21.0.2+13-LTS-58)
# Java VM: Java HotSpot(TM) 64-Bit Server VM (21.0.2+13-LTS-58, mixed mode, emulated-client, sharing, tiered, compressed oops, compressed class ptrs, g1 gc, windows-amd64)
GC Precious Log:
 CardTable entry size: 512
 Card Set container configuration: InlinePtr #cards 5 size 8 Array Of Cards #cards 12 size 40 Howl #buckets 4 coarsen threshold 1843 Howl Bitmap #cards 512 size 80 coarsen threshold 460 Card regions per heap region 1 cards per card region 2048
 CPUs: 12 total, 12 available
 Memory: 7827M
 Large Page Support: Disabled
 NUMA Support: Disabled
 Compressed Oops: Enabled (32-bit)
 Heap Region Size: 1M
 Heap Min Capacity: 8M
 Heap Initial Capacity: 124M
 Heap Max Capacity: 1958M
 Pre-touch: Disabled
 Parallel Workers: 10
 Concurrent Workers: 3
 Concurrent Refinement Workers: 10
 Periodic GC: Disabled
Heap:
 garbage-first heap   total 112640K, used 55613K [0x0000000085a00000, 0x0000000100000000)
  region size 1024K, 26 young (26624K), 6 survivors (6144K)
 Metaspace       used 82159K, committed 82944K, reserved 1179648K
  class space    used 11606K, committed 11968K, reserved 1048576K
GC Heap History (20 events):
Event: 10009.785 GC heap before
{Heap before GC invocations=263 (full 2):
 garbage-first heap   total 178176K, used 147375K [0x0000000085a00000, 0x0000000100000000)
  region size 1024K, 104 young (106496K), 1 survivors (1024K)
 Metaspace       used 81637K, committed 82432K, reserved 1179648K
  class space    used 11528K, committed 11904K, reserved 1048576K
}
Event: 10009.787 GC heap after
{Heap after GC invocations=264 (full 2):
 garbage-first heap   total 178176K, used 42381K [0x0000000085a00000, 0x0000000100000000)
  region size 1024K, 1 young (1024K), 1 survivors (1024K)
 Metaspace       used 81637K, committed 82432K, reserved 1179648K
  class space    used 11528K, committed 11904K, reserved 1048576K
}
Event: 10009.899 GC heap before
{Heap before GC invocations=265 (full 2):
 garbage-first heap   total 174080K, used 145805K [0x0000000085a00000, 0x0000000100000000)
  region size 1024K, 102 young (104448K), 1 survivors (1024K)
 Metaspace       used 81637K, committed 82432K, reserved 1179648K
  class space    used 11528K, committed 11904K, reserved 1048576K
}
Event: 10009.902 GC heap after
{Heap after GC invocations=266 (full 2):
 garbage-first heap   total 310272K, used 42381K [0x0000000085a00000, 0x0000000100000000)
  region size 1024K, 1 young (1024K), 1 survivors (1024K)
 Metaspace       used 81637K, committed 82432K, reserved 1179648K
  class space    used 11528K, committed 11904K, reserved 1048576K
}
Event: 10010.120 GC heap before
{Heap before GC invocations=266 (full 2):
 garbage-first heap   total 310272K, used 226701K [0x0000000085a00000, 0x0000000100000000)
  region size 1024K, 181 young (185344K), 1 survivors (1024K)
 Metaspace       used 81637K, committed 82432K, reserved 1179648K
  class space    used 11528K, committed 11904K, reserved 1048576K
}
Event: 10010.122 GC heap after
{Heap after GC invocations=267 (full 2):
 garbage-first heap   total 310272K, used 42576K [0x0000000085a00000, 0x0000000100000000)
  region size 1024K, 2 young (2048K), 2 survivors (2048K)
 Metaspace       used 81637K, committed 82432K, reserved 1179648K
  class space    used 11528K, committed 11904K, reserved 1048576K
}
Event: 10010.306 GC heap before
{Heap before GC invocations=267 (full 2):
 garbage-first heap   total 310272K, used 225872K [0x0000000085a00000, 0x0000000100000000)
  region size 1024K, 181 young (185344K), 2 survivors (2048K)
 Metaspace       used 81637K, committed 82432K, reserved 1179648K
  class space    used 11528K, committed 11904K, reserved 1048576K
}
Event: 10010.308 GC heap after
{Heap after GC invocations=268 (full 2):
 garbage-first heap   total 310272K, used 42588K [0x0000000085a00000, 0x0000000100000000)
  region size 1024K, 2 young (2048K), 2 survivors (2048K)
 Metaspace       used 81637K, committed 82432K, reserved 1179648K
  class space    used 11528K, committed 11904K, reserved 1048576K
}
Event: 10012.375 GC heap before
{Heap before GC invocations=269 (full 2):
 garbage-first heap   total 171008K, used 141916K [0x0000000085a00000, 0x0000000100000000)
  region size 1024K, 100 young (102400K), 2 survivors (2048K)
 Metaspace       used 81637K, committed 82432K, reserved 1179648K
  class space    used 11528K, committed 11904K, reserved 1048576K
}
Event: 10012.378 GC heap after
{Heap after GC invocations=270 (full 2):
 garbage-first heap   total 171008K, used 44546K [0x0000000085a00000, 0x0000000100000000)
  region size 1024K, 4 young (4096K), 4 survivors (4096K)
 Metaspace       used 81637K, committed 82432K, reserved 1179648K
  class space    used 11528K, committed 11904K, reserved 1048576K
}
Event: 10012.474 GC heap before
{Heap before GC invocations=270 (full 2):
 garbage-first heap   total 171008K, used 142850K [0x0000000085a00000, 0x0000000100000000)
  region size 1024K, 100 young (102400K), 4 survivors (4096K)
 Metaspace       used 81637K, committed 82432K, reserved 1179648K
  class space    used 11528K, committed 11904K, reserved 1048576K
}
Event: 10012.479 GC heap after
{Heap after GC invocations=271 (full 2):
 garbage-first heap   total 171008K, used 44002K [0x0000000085a00000, 0x0000000100000000)
  region size 1024K, 5 young (5120K), 5 survivors (5120K)
 Metaspace       used 81637K, committed 82432K, reserved 1179648K
  class space    used 11528K, committed 11904K, reserved 1048576K
}
Event: 10012.574 GC heap before
{Heap before GC invocations=271 (full 2):
 garbage-first heap   total 171008K, used 141282K [0x0000000085a00000, 0x0000000100000000)
  region size 1024K, 100 young (102400K), 5 survivors (5120K)
 Metaspace       used 81637K, committed 82432K, reserved 1179648K
  class space    used 11528K, committed 11904K, reserved 1048576K
}
Event: 10012.577 GC heap after
{Heap after GC invocations=272 (full 2):
 garbage-first heap   total 171008K, used 43924K [0x0000000085a00000, 0x0000000100000000)
  region size 1024K, 5 young (5120K), 5 survivors (5120K)
 Metaspace       used 81637K, committed 82432K, reserved 1179648K
  class space    used 11528K, committed 11904K, reserved 1048576K
}
Event: 10012.678 GC heap before
{Heap before GC invocations=273 (full 2):
 garbage-first heap   total 163840K, used 136153K [0x0000000085a00000, 0x0000000100000000)
  region size 1024K, 96 young (98304K), 5 survivors (5120K)
 Metaspace       used 81637K, committed 82432K, reserved 1179648K
  class space    used 11528K, committed 11904K, reserved 1048576K
}
Event: 10012.681 GC heap after
{Heap after GC invocations=274 (full 2):
 garbage-first heap   total 209920K, used 41321K [0x0000000085a00000, 0x0000000100000000)
  region size 1024K, 3 young (3072K), 3 survivors (3072K)
 Metaspace       used 81637K, committed 82432K, reserved 1179648K
  class space    used 11528K, committed 11904K, reserved 1048576K
}
Event: 10229.853 GC heap before
{Heap before GC invocations=274 (full 2):
 garbage-first heap   total 209920K, used 61801K [0x0000000085a00000, 0x0000000100000000)
  region size 1024K, 24 young (24576K), 3 survivors (3072K)
 Metaspace       used 81656K, committed 82432K, reserved 1179648K
  class space    used 11531K, committed 11904K, reserved 1048576K
}
Event: 10229.891 GC heap after
{Heap after GC invocations=275 (full 3):
 garbage-first heap   total 112640K, used 30134K [0x0000000085a00000, 0x0000000100000000)
  region size 1024K, 0 young (0K), 0 survivors (0K)
 Metaspace       used 81652K, committed 82432K, reserved 1179648K
  class space    used 11530K, committed 11904K, reserved 1048576K
}
Event: 10230.698 GC heap before
{Heap before GC invocations=275 (full 3):
 garbage-first heap   total 112640K, used 96694K [0x0000000085a00000, 0x0000000100000000)
  region size 1024K, 66 young (67584K), 0 survivors (0K)
 Metaspace       used 81915K, committed 82624K, reserved 1179648K
  class space    used 11587K, committed 11904K, reserved 1048576K
}
Event: 10230.705 GC heap after
{Heap after GC invocations=276 (full 3):
 garbage-first heap   total 112640K, used 36157K [0x0000000085a00000, 0x0000000100000000)
  region size 1024K, 6 young (6144K), 6 survivors (6144K)
 Metaspace       used 81915K, committed 82624K, reserved 1179648K
  class space    used 11587K, committed 11904K, reserved 1048576K
}

