# JRE version: Java(TM) SE Runtime Environment (21.0.2+13) (build 21.0.2+13-LTS-58)
# Java VM: Java HotSpot(TM) 64-Bit Server VM (21.0.2+13-LTS-58, mixed mode, emulated-client, sharing, tiered, compressed oops, compressed class ptrs, g1 gc, windows-amd64)
GC Precious Log:
 CardTable entry size: 512
 Card Set container configuration: InlinePtr #cards 5 size 8 Array Of Cards #cards 12 size 40 Howl #buckets 4 coarsen threshold 1843 Howl Bitmap #cards 512 size 80 coarsen threshold 460 Card regions per heap region 1 cards per card region 2048
 CPUs: 12 total, 12 available
 Memory: 7827M
 Large Page Support: Disabled
 NUMA Support: Disabled
 Compressed Oops: Enabled (32-bit)
 Heap Region Size: 1M
 Heap Min Capacity: 8M
 Heap Initial Capacity: 124M
 Heap Max Capacity: 1958M
 Pre-touch: Disabled
 Parallel Workers: 10
 Concurrent Workers: 3
 Concurrent Refinement Workers: 10
 Periodic GC: Disabled
Heap:
 garbage-first heap   total 133120K, used 117034K [0x0000000085a00000, 0x0000000100000000)
  region size 1024K, 81 young (82944K), 6 survivors (6144K)
 Metaspace       used 87826K, committed 91328K, reserved 1179648K
  class space    used 12249K, committed 13440K, reserved 1048576K
GC Heap History (20 events):
Event: 17042.917 GC heap after
{Heap after GC invocations=159 (full 44):
 garbage-first heap   total 133120K, used 47974K [0x0000000085a00000, 0x0000000100000000)
  region size 1024K, 4 young (4096K), 4 survivors (4096K)
 Metaspace       used 95445K, committed 96640K, reserved 1179648K
  class space    used 13039K, committed 13568K, reserved 1048576K
}
Event: 17042.999 GC heap before
{Heap before GC invocations=159 (full 44):
 garbage-first heap   total 133120K, used 117606K [0x0000000085a00000, 0x0000000100000000)
  region size 1024K, 73 young (74752K), 4 survivors (4096K)
 Metaspace       used 95445K, committed 96640K, reserved 1179648K
  class space    used 13039K, committed 13568K, reserved 1048576K
}
Event: 17043.009 GC heap after
{Heap after GC invocations=160 (full 44):
 garbage-first heap   total 312320K, used 48994K [0x0000000085a00000, 0x0000000100000000)
  region size 1024K, 5 young (5120K), 5 survivors (5120K)
 Metaspace       used 95445K, committed 96640K, reserved 1179648K
  class space    used 13039K, committed 13568K, reserved 1048576K
}
Event: 17043.225 GC heap before
{Heap before GC invocations=161 (full 44):
 garbage-first heap   total 208896K, used 168802K [0x0000000085a00000, 0x0000000100000000)
  region size 1024K, 122 young (124928K), 5 survivors (5120K)
 Metaspace       used 95205K, committed 96640K, reserved 1179648K
  class space    used 12977K, committed 13568K, reserved 1048576K
}
Event: 17043.228 GC heap after
{Heap after GC invocations=162 (full 44):
 garbage-first heap   total 208896K, used 46163K [0x0000000085a00000, 0x0000000100000000)
  region size 1024K, 2 young (2048K), 2 survivors (2048K)
 Metaspace       used 95205K, committed 96640K, reserved 1179648K
  class space    used 12977K, committed 13568K, reserved 1048576K
}
Event: 17429.070 GC heap before
{Heap before GC invocations=162 (full 44):
 garbage-first heap   total 208896K, used 168019K [0x0000000085a00000, 0x0000000100000000)
  region size 1024K, 122 young (124928K), 2 survivors (2048K)
 Metaspace       used 95371K, committed 96640K, reserved 1179648K
  class space    used 13002K, committed 13568K, reserved 1048576K
}
Event: 17429.088 GC heap after
{Heap after GC invocations=163 (full 44):
 garbage-first heap   total 208896K, used 45008K [0x0000000085a00000, 0x0000000100000000)
  region size 1024K, 1 young (1024K), 1 survivors (1024K)
 Metaspace       used 95371K, committed 96640K, reserved 1179648K
  class space    used 13002K, committed 13568K, reserved 1048576K
}
Event: 17906.577 GC heap before
{Heap before GC invocations=163 (full 44):
 garbage-first heap   total 208896K, used 76752K [0x0000000085a00000, 0x0000000100000000)
  region size 1024K, 33 young (33792K), 1 survivors (1024K)
 Metaspace       used 95616K, committed 96768K, reserved 1179648K
  class space    used 13043K, committed 13568K, reserved 1048576K
}
Event: 17906.869 GC heap after
{Heap after GC invocations=164 (full 45):
 garbage-first heap   total 133120K, used 35792K [0x0000000085a00000, 0x0000000100000000)
  region size 1024K, 0 young (0K), 0 survivors (0K)
 Metaspace       used 87106K, committed 91840K, reserved 1179648K
  class space    used 12143K, committed 13440K, reserved 1048576K
}
Event: 17920.836 GC heap before
{Heap before GC invocations=164 (full 45):
 garbage-first heap   total 133120K, used 114640K [0x0000000085a00000, 0x0000000100000000)
  region size 1024K, 78 young (79872K), 0 survivors (0K)
 Metaspace       used 87566K, committed 91840K, reserved 1179648K
  class space    used 12212K, committed 13440K, reserved 1048576K
}
Event: 17920.859 GC heap after
{Heap after GC invocations=165 (full 45):
 garbage-first heap   total 133120K, used 43649K [0x0000000085a00000, 0x0000000100000000)
  region size 1024K, 8 young (8192K), 8 survivors (8192K)
 Metaspace       used 87566K, committed 91840K, reserved 1179648K
  class space    used 12212K, committed 13440K, reserved 1048576K
}
Event: 17974.423 GC heap before
{Heap before GC invocations=166 (full 45):
 garbage-first heap   total 133120K, used 112257K [0x0000000085a00000, 0x0000000100000000)
  region size 1024K, 76 young (77824K), 8 survivors (8192K)
 Metaspace       used 87887K, committed 91840K, reserved 1179648K
  class space    used 12263K, committed 13440K, reserved 1048576K
}
Event: 17974.440 GC heap after
{Heap after GC invocations=167 (full 45):
 garbage-first heap   total 133120K, used 47605K [0x0000000085a00000, 0x0000000100000000)
  region size 1024K, 5 young (5120K), 5 survivors (5120K)
 Metaspace       used 87887K, committed 91840K, reserved 1179648K
  class space    used 12263K, committed 13440K, reserved 1048576K
}
Event: 18005.176 GC heap before
{Heap before GC invocations=167 (full 45):
 garbage-first heap   total 133120K, used 111093K [0x0000000085a00000, 0x0000000100000000)
  region size 1024K, 68 young (69632K), 5 survivors (5120K)
 Metaspace       used 88290K, committed 91840K, reserved 1179648K
  class space    used 12322K, committed 13440K, reserved 1048576K
}
Event: 18005.241 GC heap after
{Heap after GC invocations=168 (full 46):
 garbage-first heap   total 133120K, used 40429K [0x0000000085a00000, 0x0000000100000000)
  region size 1024K, 0 young (0K), 0 survivors (0K)
 Metaspace       used 87595K, committed 91520K, reserved 1179648K
  class space    used 12245K, committed 13440K, reserved 1048576K
}
Event: 18006.237 GC heap before
{Heap before GC invocations=168 (full 46):
 garbage-first heap   total 133120K, used 118253K [0x0000000085a00000, 0x0000000100000000)
  region size 1024K, 77 young (78848K), 0 survivors (0K)
 Metaspace       used 87926K, committed 91520K, reserved 1179648K
  class space    used 12275K, committed 13440K, reserved 1048576K
}
Event: 18006.243 GC heap after
{Heap after GC invocations=169 (full 46):
 garbage-first heap   total 133120K, used 46569K [0x0000000085a00000, 0x0000000100000000)
  region size 1024K, 6 young (6144K), 6 survivors (6144K)
 Metaspace       used 87926K, committed 91520K, reserved 1179648K
  class space    used 12275K, committed 13440K, reserved 1048576K
}
Event: 18096.274 GC heap before
{Heap before GC invocations=170 (full 46):
 garbage-first heap   total 133120K, used 96745K [0x0000000085a00000, 0x0000000100000000)
  region size 1024K, 56 young (57344K), 6 survivors (6144K)
 Metaspace       used 87889K, committed 91520K, reserved 1179648K
  class space    used 12266K, committed 13440K, reserved 1048576K
}
Event: 18096.337 GC heap after
{Heap after GC invocations=171 (full 47):
 garbage-first heap   total 133120K, used 40234K [0x0000000085a00000, 0x0000000100000000)
  region size 1024K, 0 young (0K), 0 survivors (0K)
 Metaspace       used 87530K, committed 91328K, reserved 1179648K
  class space    used 12222K, committed 13440K, reserved 1048576K
}
Event: 18134.704 GC heap before
{Heap before GC invocations=171 (full 47):
 garbage-first heap   total 133120K, used 116010K [0x0000000085a00000, 0x0000000100000000)
  region size 1024K, 75 young (76800K), 0 survivors (0K)
 Metaspace       used 87826K, committed 91328K, reserved 1179648K
  class space    used 12249K, committed 13440K, reserved 1048576K
}

